{"/home/user/SI5/LOVE/Lov-n-serv/app.js": {"path":"/home/user/SI5/LOVE/Lov-n-serv/app.js","statementMap":{"0":{"start":{"line":1,"column":14},"end":{"line":1,"column":32}},"1":{"start":{"line":2,"column":11},"end":{"line":2,"column":26}},"2":{"start":{"line":3,"column":14},"end":{"line":3,"column":38}},"3":{"start":{"line":4,"column":13},"end":{"line":4,"column":30}},"4":{"start":{"line":5,"column":19},"end":{"line":5,"column":43}},"5":{"start":{"line":6,"column":17},"end":{"line":6,"column":39}},"6":{"start":{"line":8,"column":10},"end":{"line":8,"column":38}},"7":{"start":{"line":11,"column":15},"end":{"line":11,"column":34}},"8":{"start":{"line":14,"column":10},"end":{"line":14,"column":19}},"9":{"start":{"line":16,"column":14},"end":{"line":16,"column":45}},"10":{"start":{"line":17,"column":18},"end":{"line":17,"column":43}},"11":{"start":{"line":19,"column":15},"end":{"line":19,"column":34}},"12":{"start":{"line":21,"column":14},"end":{"line":21,"column":45}},"13":{"start":{"line":22,"column":18},"end":{"line":22,"column":47}},"14":{"start":{"line":23,"column":0},"end":{"line":23,"column":27}},"15":{"start":{"line":26,"column":0},"end":{"line":32,"column":2}},"16":{"start":{"line":27,"column":16},"end":{"line":27,"column":79}},"17":{"start":{"line":29,"column":2},"end":{"line":31,"column":91}},"18":{"start":{"line":30,"column":15},"end":{"line":30,"column":95}},"19":{"start":{"line":31,"column":16},"end":{"line":31,"column":89}},"20":{"start":{"line":34,"column":14},"end":{"line":79,"column":1}},"21":{"start":{"line":81,"column":0},"end":{"line":81,"column":33}},"22":{"start":{"line":84,"column":0},"end":{"line":89,"column":3}},"23":{"start":{"line":85,"column":2},"end":{"line":85,"column":49}},"24":{"start":{"line":86,"column":2},"end":{"line":86,"column":95}},"25":{"start":{"line":87,"column":2},"end":{"line":87,"column":80}},"26":{"start":{"line":88,"column":2},"end":{"line":88,"column":9}},"27":{"start":{"line":92,"column":0},"end":{"line":92,"column":48}},"28":{"start":{"line":93,"column":0},"end":{"line":93,"column":31}},"29":{"start":{"line":98,"column":0},"end":{"line":98,"column":23}},"30":{"start":{"line":99,"column":0},"end":{"line":99,"column":27}},"31":{"start":{"line":100,"column":0},"end":{"line":100,"column":52}},"32":{"start":{"line":101,"column":0},"end":{"line":101,"column":24}},"33":{"start":{"line":102,"column":0},"end":{"line":102,"column":56}},"34":{"start":{"line":104,"column":0},"end":{"line":104,"column":21}},"35":{"start":{"line":106,"column":0},"end":{"line":106,"column":18}},"36":{"start":{"line":108,"column":0},"end":{"line":108,"column":71}},"37":{"start":{"line":111,"column":0},"end":{"line":111,"column":62}},"38":{"start":{"line":112,"column":0},"end":{"line":114,"column":3}},"39":{"start":{"line":113,"column":4},"end":{"line":113,"column":65}},"40":{"start":{"line":116,"column":0},"end":{"line":118,"column":3}},"41":{"start":{"line":117,"column":4},"end":{"line":117,"column":41}},"42":{"start":{"line":122,"column":0},"end":{"line":126,"column":3}},"43":{"start":{"line":123,"column":12},"end":{"line":123,"column":34}},"44":{"start":{"line":124,"column":2},"end":{"line":124,"column":19}},"45":{"start":{"line":125,"column":2},"end":{"line":125,"column":12}},"46":{"start":{"line":129,"column":0},"end":{"line":137,"column":3}},"47":{"start":{"line":131,"column":2},"end":{"line":131,"column":35}},"48":{"start":{"line":132,"column":2},"end":{"line":132,"column":69}},"49":{"start":{"line":135,"column":2},"end":{"line":135,"column":32}},"50":{"start":{"line":136,"column":2},"end":{"line":136,"column":22}},"51":{"start":{"line":139,"column":0},"end":{"line":139,"column":21}}},"fnMap":{"0":{"name":"(anonymous_0)","decl":{"start":{"line":26,"column":19},"end":{"line":26,"column":20}},"loc":{"start":{"line":26,"column":29},"end":{"line":32,"column":1}},"line":26},"1":{"name":"(anonymous_1)","decl":{"start":{"line":30,"column":8},"end":{"line":30,"column":9}},"loc":{"start":{"line":30,"column":13},"end":{"line":30,"column":96}},"line":30},"2":{"name":"(anonymous_2)","decl":{"start":{"line":31,"column":9},"end":{"line":31,"column":10}},"loc":{"start":{"line":31,"column":14},"end":{"line":31,"column":90}},"line":31},"3":{"name":"(anonymous_3)","decl":{"start":{"line":84,"column":8},"end":{"line":84,"column":9}},"loc":{"start":{"line":84,"column":33},"end":{"line":89,"column":1}},"line":84},"4":{"name":"(anonymous_4)","decl":{"start":{"line":112,"column":21},"end":{"line":112,"column":22}},"loc":{"start":{"line":112,"column":38},"end":{"line":114,"column":1}},"line":112},"5":{"name":"(anonymous_5)","decl":{"start":{"line":116,"column":25},"end":{"line":116,"column":26}},"loc":{"start":{"line":116,"column":39},"end":{"line":118,"column":1}},"line":116},"6":{"name":"(anonymous_6)","decl":{"start":{"line":122,"column":8},"end":{"line":122,"column":9}},"loc":{"start":{"line":122,"column":33},"end":{"line":126,"column":1}},"line":122},"7":{"name":"(anonymous_7)","decl":{"start":{"line":129,"column":8},"end":{"line":129,"column":9}},"loc":{"start":{"line":129,"column":38},"end":{"line":137,"column":1}},"line":129}},"branchMap":{"0":{"loc":{"start":{"line":132,"column":21},"end":{"line":132,"column":68}},"type":"cond-expr","locations":[{"start":{"line":132,"column":60},"end":{"line":132,"column":63}},{"start":{"line":132,"column":66},"end":{"line":132,"column":68}}],"line":132},"1":{"loc":{"start":{"line":135,"column":13},"end":{"line":135,"column":30}},"type":"binary-expr","locations":[{"start":{"line":135,"column":13},"end":{"line":135,"column":23}},{"start":{"line":135,"column":27},"end":{"line":135,"column":30}}],"line":135}},"s":{"0":2,"1":2,"2":2,"3":2,"4":2,"5":2,"6":2,"7":2,"8":2,"9":2,"10":2,"11":2,"12":2,"13":2,"14":2,"15":2,"16":0,"17":0,"18":0,"19":0,"20":2,"21":2,"22":2,"23":2,"24":2,"25":2,"26":2,"27":2,"28":2,"29":2,"30":2,"31":2,"32":2,"33":2,"34":2,"35":2,"36":2,"37":2,"38":2,"39":0,"40":2,"41":0,"42":2,"43":0,"44":0,"45":0,"46":2,"47":0,"48":0,"49":0,"50":0,"51":2},"f":{"0":0,"1":0,"2":0,"3":2,"4":0,"5":0,"6":0,"7":0},"b":{"0":[0,0],"1":[0,0]},"_coverageSchema":"332fd63041d2c1bcb487cc26dd0d5f7d97098a6c","hash":"c6016b643125012cdf5ef883f2be9f322e4c1b03"}
,"/home/user/SI5/LOVE/Lov-n-serv/controllers/LoversController.js": {"path":"/home/user/SI5/LOVE/Lov-n-serv/controllers/LoversController.js","statementMap":{"0":{"start":{"line":1,"column":20},"end":{"line":1,"column":55}},"1":{"start":{"line":3,"column":0},"end":{"line":44,"column":1}},"2":{"start":{"line":5,"column":15},"end":{"line":5,"column":50}},"3":{"start":{"line":6,"column":16},"end":{"line":6,"column":56}},"4":{"start":{"line":8,"column":4},"end":{"line":10,"column":5}},"5":{"start":{"line":9,"column":8},"end":{"line":9,"column":109}},"6":{"start":{"line":12,"column":4},"end":{"line":14,"column":5}},"7":{"start":{"line":13,"column":8},"end":{"line":13,"column":102}},"8":{"start":{"line":16,"column":31},"end":{"line":16,"column":33}},"9":{"start":{"line":17,"column":5},"end":{"line":17,"column":39}},"10":{"start":{"line":18,"column":5},"end":{"line":18,"column":87}},"11":{"start":{"line":21,"column":31},"end":{"line":21,"column":33}},"12":{"start":{"line":22,"column":5},"end":{"line":22,"column":36}},"13":{"start":{"line":24,"column":5},"end":{"line":24,"column":60}},"14":{"start":{"line":26,"column":5},"end":{"line":26,"column":45}},"15":{"start":{"line":28,"column":17},"end":{"line":36,"column":5}},"16":{"start":{"line":38,"column":4},"end":{"line":43,"column":5}},"17":{"start":{"line":39,"column":21},"end":{"line":39,"column":75}},"18":{"start":{"line":40,"column":8},"end":{"line":40,"column":65}},"19":{"start":{"line":42,"column":8},"end":{"line":42,"column":71}},"20":{"start":{"line":49,"column":0},"end":{"line":65,"column":1}},"21":{"start":{"line":50,"column":15},"end":{"line":56,"column":3}},"22":{"start":{"line":58,"column":2},"end":{"line":64,"column":3}},"23":{"start":{"line":59,"column":23},"end":{"line":59,"column":63}},"24":{"start":{"line":61,"column":4},"end":{"line":61,"column":105}},"25":{"start":{"line":63,"column":2},"end":{"line":63,"column":103}}},"fnMap":{"0":{"name":"(anonymous_0)","decl":{"start":{"line":3,"column":25},"end":{"line":3,"column":26}},"loc":{"start":{"line":3,"column":55},"end":{"line":44,"column":1}},"line":3},"1":{"name":"(anonymous_1)","decl":{"start":{"line":49,"column":20},"end":{"line":49,"column":21}},"loc":{"start":{"line":49,"column":50},"end":{"line":65,"column":1}},"line":49}},"branchMap":{"0":{"loc":{"start":{"line":5,"column":15},"end":{"line":5,"column":50}},"type":"cond-expr","locations":[{"start":{"line":5,"column":32},"end":{"line":5,"column":46}},{"start":{"line":5,"column":49},"end":{"line":5,"column":50}}],"line":5},"1":{"loc":{"start":{"line":6,"column":16},"end":{"line":6,"column":56}},"type":"cond-expr","locations":[{"start":{"line":6,"column":34},"end":{"line":6,"column":49}},{"start":{"line":6,"column":52},"end":{"line":6,"column":56}}],"line":6},"2":{"loc":{"start":{"line":8,"column":4},"end":{"line":10,"column":5}},"type":"if","locations":[{"start":{"line":8,"column":4},"end":{"line":10,"column":5}},{"start":{"line":8,"column":4},"end":{"line":10,"column":5}}],"line":8},"3":{"loc":{"start":{"line":8,"column":7},"end":{"line":8,"column":40}},"type":"binary-expr","locations":[{"start":{"line":8,"column":7},"end":{"line":8,"column":22}},{"start":{"line":8,"column":26},"end":{"line":8,"column":40}}],"line":8},"4":{"loc":{"start":{"line":12,"column":4},"end":{"line":14,"column":5}},"type":"if","locations":[{"start":{"line":12,"column":4},"end":{"line":14,"column":5}},{"start":{"line":12,"column":4},"end":{"line":14,"column":5}}],"line":12}},"s":{"0":2,"1":2,"2":2,"3":2,"4":2,"5":1,"6":1,"7":0,"8":1,"9":1,"10":1,"11":1,"12":1,"13":1,"14":1,"15":1,"16":1,"17":1,"18":1,"19":0,"20":2,"21":0,"22":0,"23":0,"24":0,"25":0},"f":{"0":2,"1":0},"b":{"0":[0,2],"1":[0,2],"2":[1,1],"3":[2,1],"4":[0,1]},"_coverageSchema":"332fd63041d2c1bcb487cc26dd0d5f7d97098a6c","hash":"82975b6dc48f078fa3ca0c8e6cffc658186dbeae"}
,"/home/user/SI5/LOVE/Lov-n-serv/models/LoversModel.js": {"path":"/home/user/SI5/LOVE/Lov-n-serv/models/LoversModel.js","statementMap":{"0":{"start":{"line":1,"column":15},"end":{"line":1,"column":34}},"1":{"start":{"line":2,"column":23},"end":{"line":2,"column":51}},"2":{"start":{"line":5,"column":19},"end":{"line":12,"column":2}},"3":{"start":{"line":14,"column":0},"end":{"line":16,"column":3}},"4":{"start":{"line":15,"column":4},"end":{"line":15,"column":20}},"5":{"start":{"line":18,"column":0},"end":{"line":18,"column":44}},"6":{"start":{"line":20,"column":0},"end":{"line":20,"column":38}},"7":{"start":{"line":22,"column":15},"end":{"line":22,"column":52}},"8":{"start":{"line":24,"column":0},"end":{"line":24,"column":24}}},"fnMap":{"0":{"name":"(anonymous_0)","decl":{"start":{"line":14,"column":39},"end":{"line":14,"column":40}},"loc":{"start":{"line":14,"column":50},"end":{"line":16,"column":1}},"line":14}},"branchMap":{},"s":{"0":2,"1":2,"2":2,"3":2,"4":0,"5":2,"6":2,"7":2,"8":2},"f":{"0":0},"b":{},"_coverageSchema":"332fd63041d2c1bcb487cc26dd0d5f7d97098a6c","hash":"a4548a95c0305347072d110ad0a142d0316224c9"}
,"/home/user/SI5/LOVE/Lov-n-serv/route/LovNRoute.js": {"path":"/home/user/SI5/LOVE/Lov-n-serv/route/LovNRoute.js","statementMap":{"0":{"start":{"line":1,"column":14},"end":{"line":1,"column":32}},"1":{"start":{"line":3,"column":13},"end":{"line":3,"column":29}},"2":{"start":{"line":5,"column":13},"end":{"line":5,"column":40}},"3":{"start":{"line":7,"column":0},"end":{"line":7,"column":30}},"4":{"start":{"line":9,"column":0},"end":{"line":9,"column":24}}},"fnMap":{},"branchMap":{},"s":{"0":2,"1":2,"2":2,"3":2,"4":2},"f":{},"b":{},"_coverageSchema":"332fd63041d2c1bcb487cc26dd0d5f7d97098a6c","hash":"765cf6e81288dd22c5ba5030235e7fc3d4208ca8"}
,"/home/user/SI5/LOVE/Lov-n-serv/route/api/LoversRoad.js": {"path":"/home/user/SI5/LOVE/Lov-n-serv/route/api/LoversRoad.js","statementMap":{"0":{"start":{"line":1,"column":14},"end":{"line":1,"column":32}},"1":{"start":{"line":2,"column":14},"end":{"line":2,"column":45}},"2":{"start":{"line":4,"column":13},"end":{"line":4,"column":29}},"3":{"start":{"line":5,"column":0},"end":{"line":5,"column":27}},"4":{"start":{"line":7,"column":23},"end":{"line":7,"column":68}},"5":{"start":{"line":9,"column":0},"end":{"line":51,"column":3}},"6":{"start":{"line":52,"column":0},"end":{"line":52,"column":45}},"7":{"start":{"line":54,"column":0},"end":{"line":54,"column":24}}},"fnMap":{},"branchMap":{},"s":{"0":2,"1":2,"2":2,"3":2,"4":2,"5":2,"6":2,"7":2},"f":{},"b":{},"_coverageSchema":"332fd63041d2c1bcb487cc26dd0d5f7d97098a6c","hash":"9e6ab7e4ddc8ea38a9056c128e0602d7766ed17f"}
,"/home/user/SI5/LOVE/Lov-n-serv/service/LoversService.js": {"path":"/home/user/SI5/LOVE/Lov-n-serv/service/LoversService.js","statementMap":{"0":{"start":{"line":1,"column":18},"end":{"line":1,"column":50}},"1":{"start":{"line":4,"column":0},"end":{"line":16,"column":1}},"2":{"start":{"line":5,"column":16},"end":{"line":8,"column":3}},"3":{"start":{"line":10,"column":2},"end":{"line":15,"column":3}},"4":{"start":{"line":11,"column":17},"end":{"line":11,"column":46}},"5":{"start":{"line":12,"column":4},"end":{"line":12,"column":18}},"6":{"start":{"line":14,"column":4},"end":{"line":14,"column":63}},"7":{"start":{"line":18,"column":0},"end":{"line":34,"column":1}},"8":{"start":{"line":20,"column":2},"end":{"line":20,"column":36}},"9":{"start":{"line":21,"column":15},"end":{"line":26,"column":3}},"10":{"start":{"line":28,"column":2},"end":{"line":33,"column":3}},"11":{"start":{"line":29,"column":22},"end":{"line":29,"column":41}},"12":{"start":{"line":30,"column":4},"end":{"line":30,"column":23}},"13":{"start":{"line":32,"column":4},"end":{"line":32,"column":48}}},"fnMap":{"0":{"name":"(anonymous_0)","decl":{"start":{"line":4,"column":25},"end":{"line":4,"column":26}},"loc":{"start":{"line":4,"column":59},"end":{"line":16,"column":1}},"line":4},"1":{"name":"(anonymous_1)","decl":{"start":{"line":18,"column":23},"end":{"line":18,"column":24}},"loc":{"start":{"line":18,"column":49},"end":{"line":34,"column":1}},"line":18}},"branchMap":{},"s":{"0":2,"1":2,"2":0,"3":0,"4":0,"5":0,"6":0,"7":2,"8":0,"9":0,"10":0,"11":0,"12":0,"13":0},"f":{"0":0,"1":0},"b":{},"_coverageSchema":"332fd63041d2c1bcb487cc26dd0d5f7d97098a6c","hash":"4929bf2d2e0c72e06d71a7b905132288538d5dab"}
}
