{"/home/user/SI5/LOVE/Lov-n-serv/lovNserv/app.js": {"path":"/home/user/SI5/LOVE/Lov-n-serv/lovNserv/app.js","statementMap":{"0":{"start":{"line":1,"column":14},"end":{"line":1,"column":32}},"1":{"start":{"line":2,"column":11},"end":{"line":2,"column":26}},"2":{"start":{"line":3,"column":14},"end":{"line":3,"column":38}},"3":{"start":{"line":4,"column":13},"end":{"line":4,"column":30}},"4":{"start":{"line":5,"column":19},"end":{"line":5,"column":43}},"5":{"start":{"line":6,"column":17},"end":{"line":6,"column":39}},"6":{"start":{"line":8,"column":10},"end":{"line":8,"column":38}},"7":{"start":{"line":11,"column":15},"end":{"line":11,"column":34}},"8":{"start":{"line":14,"column":10},"end":{"line":14,"column":19}},"9":{"start":{"line":16,"column":15},"end":{"line":16,"column":34}},"10":{"start":{"line":17,"column":0},"end":{"line":17,"column":27}},"11":{"start":{"line":20,"column":0},"end":{"line":26,"column":2}},"12":{"start":{"line":21,"column":16},"end":{"line":21,"column":79}},"13":{"start":{"line":23,"column":2},"end":{"line":25,"column":91}},"14":{"start":{"line":24,"column":15},"end":{"line":24,"column":95}},"15":{"start":{"line":25,"column":16},"end":{"line":25,"column":89}},"16":{"start":{"line":28,"column":0},"end":{"line":33,"column":3}},"17":{"start":{"line":29,"column":2},"end":{"line":29,"column":49}},"18":{"start":{"line":30,"column":2},"end":{"line":30,"column":95}},"19":{"start":{"line":31,"column":2},"end":{"line":31,"column":80}},"20":{"start":{"line":32,"column":2},"end":{"line":32,"column":9}},"21":{"start":{"line":36,"column":0},"end":{"line":36,"column":48}},"22":{"start":{"line":37,"column":0},"end":{"line":37,"column":31}},"23":{"start":{"line":42,"column":0},"end":{"line":42,"column":23}},"24":{"start":{"line":43,"column":0},"end":{"line":43,"column":27}},"25":{"start":{"line":44,"column":0},"end":{"line":44,"column":52}},"26":{"start":{"line":45,"column":0},"end":{"line":45,"column":24}},"27":{"start":{"line":46,"column":0},"end":{"line":46,"column":56}},"28":{"start":{"line":48,"column":0},"end":{"line":48,"column":21}},"29":{"start":{"line":52,"column":0},"end":{"line":56,"column":3}},"30":{"start":{"line":53,"column":12},"end":{"line":53,"column":34}},"31":{"start":{"line":54,"column":2},"end":{"line":54,"column":19}},"32":{"start":{"line":55,"column":2},"end":{"line":55,"column":12}},"33":{"start":{"line":59,"column":0},"end":{"line":67,"column":3}},"34":{"start":{"line":61,"column":2},"end":{"line":61,"column":35}},"35":{"start":{"line":62,"column":2},"end":{"line":62,"column":69}},"36":{"start":{"line":65,"column":2},"end":{"line":65,"column":32}},"37":{"start":{"line":66,"column":2},"end":{"line":66,"column":22}},"38":{"start":{"line":69,"column":0},"end":{"line":69,"column":21}}},"fnMap":{"0":{"name":"(anonymous_0)","decl":{"start":{"line":20,"column":19},"end":{"line":20,"column":20}},"loc":{"start":{"line":20,"column":29},"end":{"line":26,"column":1}},"line":20},"1":{"name":"(anonymous_1)","decl":{"start":{"line":24,"column":8},"end":{"line":24,"column":9}},"loc":{"start":{"line":24,"column":13},"end":{"line":24,"column":96}},"line":24},"2":{"name":"(anonymous_2)","decl":{"start":{"line":25,"column":9},"end":{"line":25,"column":10}},"loc":{"start":{"line":25,"column":14},"end":{"line":25,"column":90}},"line":25},"3":{"name":"(anonymous_3)","decl":{"start":{"line":28,"column":8},"end":{"line":28,"column":9}},"loc":{"start":{"line":28,"column":33},"end":{"line":33,"column":1}},"line":28},"4":{"name":"(anonymous_4)","decl":{"start":{"line":52,"column":8},"end":{"line":52,"column":9}},"loc":{"start":{"line":52,"column":33},"end":{"line":56,"column":1}},"line":52},"5":{"name":"(anonymous_5)","decl":{"start":{"line":59,"column":8},"end":{"line":59,"column":9}},"loc":{"start":{"line":59,"column":38},"end":{"line":67,"column":1}},"line":59}},"branchMap":{"0":{"loc":{"start":{"line":62,"column":21},"end":{"line":62,"column":68}},"type":"cond-expr","locations":[{"start":{"line":62,"column":60},"end":{"line":62,"column":63}},{"start":{"line":62,"column":66},"end":{"line":62,"column":68}}],"line":62},"1":{"loc":{"start":{"line":65,"column":13},"end":{"line":65,"column":30}},"type":"binary-expr","locations":[{"start":{"line":65,"column":13},"end":{"line":65,"column":23}},{"start":{"line":65,"column":27},"end":{"line":65,"column":30}}],"line":65}},"s":{"0":2,"1":2,"2":2,"3":2,"4":2,"5":2,"6":2,"7":2,"8":2,"9":2,"10":2,"11":2,"12":0,"13":0,"14":0,"15":0,"16":2,"17":2,"18":2,"19":2,"20":2,"21":2,"22":2,"23":2,"24":2,"25":2,"26":2,"27":2,"28":2,"29":2,"30":0,"31":0,"32":0,"33":2,"34":0,"35":0,"36":0,"37":0,"38":2},"f":{"0":0,"1":0,"2":0,"3":2,"4":0,"5":0},"b":{"0":[0,0],"1":[0,0]},"_coverageSchema":"332fd63041d2c1bcb487cc26dd0d5f7d97098a6c","hash":"2c9bf0172138e87ba676b8df959f90253dc44d21"}
,"/home/user/SI5/LOVE/Lov-n-serv/lovNserv/controllers/LoversController.js": {"path":"/home/user/SI5/LOVE/Lov-n-serv/lovNserv/controllers/LoversController.js","statementMap":{"0":{"start":{"line":1,"column":20},"end":{"line":1,"column":55}},"1":{"start":{"line":3,"column":0},"end":{"line":44,"column":1}},"2":{"start":{"line":5,"column":15},"end":{"line":5,"column":50}},"3":{"start":{"line":6,"column":16},"end":{"line":6,"column":56}},"4":{"start":{"line":8,"column":4},"end":{"line":10,"column":5}},"5":{"start":{"line":9,"column":8},"end":{"line":9,"column":109}},"6":{"start":{"line":12,"column":4},"end":{"line":14,"column":5}},"7":{"start":{"line":13,"column":8},"end":{"line":13,"column":102}},"8":{"start":{"line":16,"column":31},"end":{"line":16,"column":33}},"9":{"start":{"line":17,"column":5},"end":{"line":17,"column":39}},"10":{"start":{"line":18,"column":5},"end":{"line":18,"column":87}},"11":{"start":{"line":21,"column":31},"end":{"line":21,"column":33}},"12":{"start":{"line":22,"column":5},"end":{"line":22,"column":36}},"13":{"start":{"line":24,"column":5},"end":{"line":24,"column":60}},"14":{"start":{"line":26,"column":5},"end":{"line":26,"column":45}},"15":{"start":{"line":28,"column":17},"end":{"line":36,"column":5}},"16":{"start":{"line":38,"column":4},"end":{"line":43,"column":5}},"17":{"start":{"line":39,"column":21},"end":{"line":39,"column":75}},"18":{"start":{"line":40,"column":8},"end":{"line":40,"column":65}},"19":{"start":{"line":42,"column":8},"end":{"line":42,"column":71}},"20":{"start":{"line":49,"column":0},"end":{"line":65,"column":1}},"21":{"start":{"line":50,"column":15},"end":{"line":56,"column":3}},"22":{"start":{"line":58,"column":2},"end":{"line":64,"column":3}},"23":{"start":{"line":59,"column":23},"end":{"line":59,"column":63}},"24":{"start":{"line":61,"column":4},"end":{"line":61,"column":105}},"25":{"start":{"line":63,"column":2},"end":{"line":63,"column":103}}},"fnMap":{"0":{"name":"(anonymous_0)","decl":{"start":{"line":3,"column":25},"end":{"line":3,"column":26}},"loc":{"start":{"line":3,"column":55},"end":{"line":44,"column":1}},"line":3},"1":{"name":"(anonymous_1)","decl":{"start":{"line":49,"column":20},"end":{"line":49,"column":21}},"loc":{"start":{"line":49,"column":50},"end":{"line":65,"column":1}},"line":49}},"branchMap":{"0":{"loc":{"start":{"line":5,"column":15},"end":{"line":5,"column":50}},"type":"cond-expr","locations":[{"start":{"line":5,"column":32},"end":{"line":5,"column":46}},{"start":{"line":5,"column":49},"end":{"line":5,"column":50}}],"line":5},"1":{"loc":{"start":{"line":6,"column":16},"end":{"line":6,"column":56}},"type":"cond-expr","locations":[{"start":{"line":6,"column":34},"end":{"line":6,"column":49}},{"start":{"line":6,"column":52},"end":{"line":6,"column":56}}],"line":6},"2":{"loc":{"start":{"line":8,"column":4},"end":{"line":10,"column":5}},"type":"if","locations":[{"start":{"line":8,"column":4},"end":{"line":10,"column":5}},{"start":{"line":8,"column":4},"end":{"line":10,"column":5}}],"line":8},"3":{"loc":{"start":{"line":8,"column":7},"end":{"line":8,"column":40}},"type":"binary-expr","locations":[{"start":{"line":8,"column":7},"end":{"line":8,"column":22}},{"start":{"line":8,"column":26},"end":{"line":8,"column":40}}],"line":8},"4":{"loc":{"start":{"line":12,"column":4},"end":{"line":14,"column":5}},"type":"if","locations":[{"start":{"line":12,"column":4},"end":{"line":14,"column":5}},{"start":{"line":12,"column":4},"end":{"line":14,"column":5}}],"line":12}},"s":{"0":2,"1":2,"2":2,"3":2,"4":2,"5":1,"6":1,"7":0,"8":1,"9":1,"10":1,"11":1,"12":1,"13":1,"14":1,"15":1,"16":1,"17":1,"18":1,"19":0,"20":2,"21":0,"22":0,"23":0,"24":0,"25":0},"f":{"0":2,"1":0},"b":{"0":[0,2],"1":[0,2],"2":[1,1],"3":[2,1],"4":[0,1]},"_coverageSchema":"332fd63041d2c1bcb487cc26dd0d5f7d97098a6c","hash":"017c65e9b3e1690316d60651003fc7daf51cd758"}
,"/home/user/SI5/LOVE/Lov-n-serv/lovNserv/models/LoversModel.js": {"path":"/home/user/SI5/LOVE/Lov-n-serv/lovNserv/models/LoversModel.js","statementMap":{"0":{"start":{"line":1,"column":15},"end":{"line":1,"column":34}},"1":{"start":{"line":2,"column":23},"end":{"line":2,"column":51}},"2":{"start":{"line":5,"column":19},"end":{"line":12,"column":2}},"3":{"start":{"line":14,"column":0},"end":{"line":16,"column":3}},"4":{"start":{"line":15,"column":4},"end":{"line":15,"column":20}},"5":{"start":{"line":18,"column":0},"end":{"line":18,"column":44}},"6":{"start":{"line":20,"column":0},"end":{"line":20,"column":38}},"7":{"start":{"line":22,"column":15},"end":{"line":22,"column":52}},"8":{"start":{"line":24,"column":0},"end":{"line":24,"column":24}}},"fnMap":{"0":{"name":"(anonymous_0)","decl":{"start":{"line":14,"column":39},"end":{"line":14,"column":40}},"loc":{"start":{"line":14,"column":50},"end":{"line":16,"column":1}},"line":14}},"branchMap":{},"s":{"0":2,"1":2,"2":2,"3":2,"4":0,"5":2,"6":2,"7":2,"8":2},"f":{"0":0},"b":{},"_coverageSchema":"332fd63041d2c1bcb487cc26dd0d5f7d97098a6c","hash":"6a8cf45601c44900f1b5ec16e7bb9068d75793f0"}
,"/home/user/SI5/LOVE/Lov-n-serv/lovNserv/route/LovNRoute.js": {"path":"/home/user/SI5/LOVE/Lov-n-serv/lovNserv/route/LovNRoute.js","statementMap":{"0":{"start":{"line":1,"column":14},"end":{"line":1,"column":32}},"1":{"start":{"line":3,"column":13},"end":{"line":3,"column":29}},"2":{"start":{"line":5,"column":13},"end":{"line":5,"column":40}},"3":{"start":{"line":7,"column":0},"end":{"line":7,"column":30}},"4":{"start":{"line":9,"column":0},"end":{"line":9,"column":24}}},"fnMap":{},"branchMap":{},"s":{"0":2,"1":2,"2":2,"3":2,"4":2},"f":{},"b":{},"_coverageSchema":"332fd63041d2c1bcb487cc26dd0d5f7d97098a6c","hash":"e508d7c20923a18349985978e3249fa573c9dcc5"}
,"/home/user/SI5/LOVE/Lov-n-serv/lovNserv/route/api/LoversRoad.js": {"path":"/home/user/SI5/LOVE/Lov-n-serv/lovNserv/route/api/LoversRoad.js","statementMap":{"0":{"start":{"line":1,"column":14},"end":{"line":1,"column":32}},"1":{"start":{"line":3,"column":13},"end":{"line":3,"column":29}},"2":{"start":{"line":5,"column":23},"end":{"line":5,"column":68}},"3":{"start":{"line":7,"column":0},"end":{"line":7,"column":49}},"4":{"start":{"line":8,"column":0},"end":{"line":8,"column":45}},"5":{"start":{"line":10,"column":0},"end":{"line":10,"column":24}}},"fnMap":{},"branchMap":{},"s":{"0":2,"1":2,"2":2,"3":2,"4":2,"5":2},"f":{},"b":{},"_coverageSchema":"332fd63041d2c1bcb487cc26dd0d5f7d97098a6c","hash":"d04c9cd0716041620fb6cb3181579a9c3aa33006"}
,"/home/user/SI5/LOVE/Lov-n-serv/lovNserv/service/LoversService.js": {"path":"/home/user/SI5/LOVE/Lov-n-serv/lovNserv/service/LoversService.js","statementMap":{"0":{"start":{"line":1,"column":18},"end":{"line":1,"column":50}},"1":{"start":{"line":4,"column":0},"end":{"line":16,"column":1}},"2":{"start":{"line":5,"column":16},"end":{"line":8,"column":3}},"3":{"start":{"line":10,"column":2},"end":{"line":15,"column":3}},"4":{"start":{"line":11,"column":17},"end":{"line":11,"column":46}},"5":{"start":{"line":12,"column":4},"end":{"line":12,"column":18}},"6":{"start":{"line":14,"column":4},"end":{"line":14,"column":63}},"7":{"start":{"line":18,"column":0},"end":{"line":34,"column":1}},"8":{"start":{"line":20,"column":2},"end":{"line":20,"column":36}},"9":{"start":{"line":21,"column":15},"end":{"line":26,"column":3}},"10":{"start":{"line":28,"column":2},"end":{"line":33,"column":3}},"11":{"start":{"line":29,"column":22},"end":{"line":29,"column":41}},"12":{"start":{"line":30,"column":4},"end":{"line":30,"column":23}},"13":{"start":{"line":32,"column":4},"end":{"line":32,"column":48}}},"fnMap":{"0":{"name":"(anonymous_0)","decl":{"start":{"line":4,"column":25},"end":{"line":4,"column":26}},"loc":{"start":{"line":4,"column":59},"end":{"line":16,"column":1}},"line":4},"1":{"name":"(anonymous_1)","decl":{"start":{"line":18,"column":23},"end":{"line":18,"column":24}},"loc":{"start":{"line":18,"column":49},"end":{"line":34,"column":1}},"line":18}},"branchMap":{},"s":{"0":2,"1":2,"2":0,"3":0,"4":0,"5":0,"6":0,"7":2,"8":0,"9":0,"10":0,"11":0,"12":0,"13":0},"f":{"0":0,"1":0},"b":{},"_coverageSchema":"332fd63041d2c1bcb487cc26dd0d5f7d97098a6c","hash":"0385c20ce1c6f560bed464590069a496fe02aadf"}
}
