TN:
SF:/home/user/SI5/LOVE/Lov-n-serv/app.js
FN:26,(anonymous_0)
FN:30,(anonymous_1)
FN:31,(anonymous_2)
FN:84,(anonymous_3)
FN:112,(anonymous_4)
FN:116,(anonymous_5)
FN:122,(anonymous_6)
FN:129,(anonymous_7)
FNF:8
FNH:1
FNDA:0,(anonymous_0)
FNDA:0,(anonymous_1)
FNDA:0,(anonymous_2)
FNDA:2,(anonymous_3)
FNDA:0,(anonymous_4)
FNDA:0,(anonymous_5)
FNDA:0,(anonymous_6)
FNDA:0,(anonymous_7)
DA:1,2
DA:2,2
DA:3,2
DA:4,2
DA:5,2
DA:6,2
DA:8,2
DA:11,2
DA:14,2
DA:16,2
DA:17,2
DA:19,2
DA:21,2
DA:22,2
DA:23,2
DA:26,2
DA:27,0
DA:29,0
DA:30,0
DA:31,0
DA:34,2
DA:81,2
DA:84,2
DA:85,2
DA:86,2
DA:87,2
DA:88,2
DA:92,2
DA:93,2
DA:98,2
DA:99,2
DA:100,2
DA:101,2
DA:102,2
DA:104,2
DA:106,2
DA:108,2
DA:111,2
DA:112,2
DA:113,0
DA:116,2
DA:117,0
DA:122,2
DA:123,0
DA:124,0
DA:125,0
DA:129,2
DA:131,0
DA:132,0
DA:135,0
DA:136,0
DA:139,2
LF:52
LH:39
BRDA:132,0,0,0
BRDA:132,0,1,0
BRDA:135,1,0,0
BRDA:135,1,1,0
BRF:4
BRH:0
end_of_record
TN:
SF:/home/user/SI5/LOVE/Lov-n-serv/controllers/LoversController.js
FN:3,(anonymous_0)
FN:49,(anonymous_1)
FNF:2
FNH:1
FNDA:2,(anonymous_0)
FNDA:0,(anonymous_1)
DA:1,2
DA:3,2
DA:5,2
DA:6,2
DA:8,2
DA:9,1
DA:12,1
DA:13,0
DA:16,1
DA:17,1
DA:18,1
DA:21,1
DA:22,1
DA:24,1
DA:26,1
DA:28,1
DA:38,1
DA:39,1
DA:40,1
DA:42,0
DA:49,2
DA:50,0
DA:58,0
DA:59,0
DA:61,0
DA:63,0
LF:26
LH:19
BRDA:5,0,0,0
BRDA:5,0,1,2
BRDA:6,1,0,0
BRDA:6,1,1,2
BRDA:8,2,0,1
BRDA:8,2,1,1
BRDA:8,3,0,2
BRDA:8,3,1,1
BRDA:12,4,0,0
BRDA:12,4,1,1
BRF:10
BRH:7
end_of_record
TN:
SF:/home/user/SI5/LOVE/Lov-n-serv/models/LoversModel.js
FN:14,(anonymous_0)
FNF:1
FNH:0
FNDA:0,(anonymous_0)
DA:1,2
DA:2,2
DA:5,2
DA:14,2
DA:15,0
DA:18,2
DA:20,2
DA:22,2
DA:24,2
LF:9
LH:8
BRF:0
BRH:0
end_of_record
TN:
SF:/home/user/SI5/LOVE/Lov-n-serv/route/LovNRoute.js
FNF:0
FNH:0
DA:1,2
DA:3,2
DA:5,2
DA:7,2
DA:9,2
LF:5
LH:5
BRF:0
BRH:0
end_of_record
TN:
SF:/home/user/SI5/LOVE/Lov-n-serv/route/api/LoversRoad.js
FNF:0
FNH:0
DA:1,2
DA:2,2
DA:4,2
DA:5,2
DA:7,2
DA:9,2
DA:52,2
DA:54,2
LF:8
LH:8
BRF:0
BRH:0
end_of_record
TN:
SF:/home/user/SI5/LOVE/Lov-n-serv/service/LoversService.js
FN:4,(anonymous_0)
FN:18,(anonymous_1)
FNF:2
FNH:0
FNDA:0,(anonymous_0)
FNDA:0,(anonymous_1)
DA:1,2
DA:4,2
DA:5,0
DA:10,0
DA:11,0
DA:12,0
DA:14,0
DA:18,2
DA:20,0
DA:21,0
DA:28,0
DA:29,0
DA:30,0
DA:32,0
LF:14
LH:3
BRF:0
BRH:0
end_of_record
